<?xml version="1.0" encoding="UTF-8"?>
<!-- Generated by org.testng.reporters.JUnitReportReporter -->
<testsuite hostname="DESKTOP-3N5LA56" failures="0" tests="1" name="RestAssured_TestCases.TC_1" time="2.869" errors="0" timestamp="2025-05-11T13:06:55 IST" skipped="0">
  <testcase classname="RestAssured_TestCases.TC_1" name="GetMethodwithBDD" time="2.869"/>
</testsuite> <!-- RestAssured_TestCases.TC_1 -->
