<?xml version="1.0" encoding="UTF-8"?>
<!-- Generated by org.testng.reporters.JUnitReportReporter -->
<testsuite hostname="DESKTOP-3N5LA56" failures="0" tests="1" name="RestAssured_TestCases.LocalApi" time="1.145" errors="0" timestamp="2025-05-12T20:19:56 IST" skipped="0">
  <testcase classname="RestAssured_TestCases.LocalApi" name="LocalDelete" time="1.145"/>
</testsuite> <!-- RestAssured_TestCases.LocalApi -->
