<?xml version="1.0" encoding="UTF-8"?>
<!-- Generated by org.testng.reporters.JUnitReportReporter -->
<testsuite hostname="DESKTOP-3N5LA56" failures="0" tests="1" name="RestAssured_TestCases.TestCase_1" time="2.991" errors="0" timestamp="2025-04-29T19:42:15 IST" skipped="0">
  <testcase classname="RestAssured_TestCases.TestCase_1" name="getRequest" time="2.991"/>
</testsuite> <!-- RestAssured_TestCases.TestCase_1 -->
